<?xml version="1.0" encoding="UTF-8"?>
<!-- Generated by org.testng.reporters.JUnitReportReporter -->
<testsuite hostname="AD" failures="0" tests="1" name="com.ApiWizProject.CreatingApiLinting" time="30.918" errors="0" timestamp="2024-12-01T06:58:10 IST" skipped="0">
  <testcase classname="com.ApiWizProject.CreatingApiLinting" name="creatingLinting" time="30.918"/>
  <system-out>
    <![CDATA[creatingLinting---> Execution starts
creatingLinting-->TestScript executed succesfully]]>
  </system-out>
</testsuite> <!-- com.ApiWizProject.CreatingApiLinting -->
